<?xml version="1.0" encoding="UTF-8"?>
<testsuite xmlns:xsi="http://www.w3.org/2001/XMLSchema-instance" xsi:noNamespaceSchemaLocation="https://maven.apache.org/surefire/maven-surefire-plugin/xsd/surefire-test-report.xsd" name="com.laegler.openbanking.api.integration.InternationalScheduledPaymentsApiIntegrationTest" time="0.032" tests="27" errors="27" skipped="0" failures="0">
  <properties>
    <property name="gopherProxySet" value="false"/>
    <property name="awt.toolkit" value="sun.lwawt.macosx.LWCToolkit"/>
    <property name="file.encoding.pkg" value="sun.io"/>
    <property name="java.specification.version" value="1.8"/>
    <property name="sun.cpu.isalist" value=""/>
    <property name="sun.jnu.encoding" value="UTF-8"/>
    <property name="java.class.path" value="/Users/thomas/.m2/repository/org/apache/maven/surefire/surefire-booter/2.22.1/surefire-booter-2.22.1.jar:/Users/thomas/.m2/repository/org/apache/maven/surefire/surefire-api/2.22.1/surefire-api-2.22.1.jar:/Users/thomas/.m2/repository/org/apache/maven/surefire/surefire-logger-api/2.22.1/surefire-logger-api-2.22.1.jar:/Users/thomas/git/openbanking/openbanking-api-test/target/test-classes:/Users/thomas/git/openbanking/openbanking-api-test/target/classes:/Users/thomas/.m2/repository/com/laegler/openbanking/openbanking-api-model/0.0.1-SNAPSHOT/openbanking-api-model-0.0.1-SNAPSHOT.jar:/Users/thomas/.m2/repository/org/springframework/spring-context/5.1.10.RELEASE/spring-context-5.1.10.RELEASE.jar:/Users/thomas/.m2/repository/org/springframework/spring-aop/5.1.10.RELEASE/spring-aop-5.1.10.RELEASE.jar:/Users/thomas/.m2/repository/org/springframework/spring-beans/5.1.10.RELEASE/spring-beans-5.1.10.RELEASE.jar:/Users/thomas/.m2/repository/org/springframework/spring-core/5.1.10.RELEASE/spring-core-5.1.10.RELEASE.jar:/Users/thomas/.m2/repository/org/springframework/spring-jcl/5.1.10.RELEASE/spring-jcl-5.1.10.RELEASE.jar:/Users/thomas/.m2/repository/org/springframework/spring-expression/5.1.10.RELEASE/spring-expression-5.1.10.RELEASE.jar:/Users/thomas/.m2/repository/javax/validation/validation-api/2.0.1.Final/validation-api-2.0.1.Final.jar:/Users/thomas/.m2/repository/io/swagger/swagger-annotations/1.5.23/swagger-annotations-1.5.23.jar:/Users/thomas/.m2/repository/com/fasterxml/jackson/core/jackson-databind/2.9.8/jackson-databind-2.9.8.jar:/Users/thomas/.m2/repository/com/fasterxml/jackson/core/jackson-annotations/2.9.0/jackson-annotations-2.9.0.jar:/Users/thomas/.m2/repository/com/fasterxml/jackson/core/jackson-core/2.9.8/jackson-core-2.9.8.jar:/Users/thomas/.m2/repository/com/google/guava/guava/20.0/guava-20.0.jar:/Users/thomas/.m2/repository/javax/ws/rs/javax.ws.rs-api/2.1.1/javax.ws.rs-api-2.1.1.jar:/Users/thomas/.m2/repository/org/junit/jupiter/junit-jupiter-api/5.5.2/junit-jupiter-api-5.5.2.jar:/Users/thomas/.m2/repository/org/apiguardian/apiguardian-api/1.1.0/apiguardian-api-1.1.0.jar:/Users/thomas/.m2/repository/org/opentest4j/opentest4j/1.2.0/opentest4j-1.2.0.jar:/Users/thomas/.m2/repository/org/junit/platform/junit-platform-commons/1.5.2/junit-platform-commons-1.5.2.jar:/Users/thomas/.m2/repository/org/junit/jupiter/junit-jupiter-engine/5.5.2/junit-jupiter-engine-5.5.2.jar:/Users/thomas/.m2/repository/org/junit/platform/junit-platform-engine/1.5.2/junit-platform-engine-1.5.2.jar:/Users/thomas/.m2/repository/org/junit/vintage/junit-vintage-engine/5.5.2/junit-vintage-engine-5.5.2.jar:/Users/thomas/.m2/repository/junit/junit/4.12/junit-4.12.jar:/Users/thomas/.m2/repository/org/hamcrest/hamcrest-core/1.3/hamcrest-core-1.3.jar:/Users/thomas/.m2/repository/io/cucumber/cucumber-java/4.8.0/cucumber-java-4.8.0.jar:/Users/thomas/.m2/repository/io/cucumber/cucumber-core/4.8.0/cucumber-core-4.8.0.jar:/Users/thomas/.m2/repository/io/cucumber/gherkin/5.1.0/gherkin-5.1.0.jar:/Users/thomas/.m2/repository/io/cucumber/tag-expressions/1.1.1/tag-expressions-1.1.1.jar:/Users/thomas/.m2/repository/io/cucumber/cucumber-expressions/7.0.2/cucumber-expressions-7.0.2.jar:/Users/thomas/.m2/repository/io/cucumber/datatable/1.1.14/datatable-1.1.14.jar:/Users/thomas/.m2/repository/io/cucumber/datatable-dependencies/1.1.14/datatable-dependencies-1.1.14.jar:/Users/thomas/.m2/repository/io/cucumber/cucumber-junit/4.8.0/cucumber-junit-4.8.0.jar:/Users/thomas/.m2/repository/info/cukes/gherkin/2.7.3/gherkin-2.7.3.jar:/Users/thomas/.m2/repository/com/googlecode/json-simple/json-simple/1.1/json-simple-1.1.jar:/Users/thomas/.m2/repository/net/iharder/base64/2.3.8/base64-2.3.8.jar:/Users/thomas/.m2/repository/io/rest-assured/rest-assured/4.1.2/rest-assured-4.1.2.jar:/Users/thomas/.m2/repository/org/codehaus/groovy/groovy/2.5.8/groovy-2.5.8.jar:/Users/thomas/.m2/repository/org/codehaus/groovy/groovy-xml/2.5.8/groovy-xml-2.5.8.jar:/Users/thomas/.m2/repository/org/apache/httpcomponents/httpclient/4.5.3/httpclient-4.5.3.jar:/Users/thomas/.m2/repository/org/apache/httpcomponents/httpcore/4.4.6/httpcore-4.4.6.jar:/Users/thomas/.m2/repository/commons-logging/commons-logging/1.2/commons-logging-1.2.jar:/Users/thomas/.m2/repository/commons-codec/commons-codec/1.9/commons-codec-1.9.jar:/Users/thomas/.m2/repository/org/apache/httpcomponents/httpmime/4.5.3/httpmime-4.5.3.jar:/Users/thomas/.m2/repository/org/hamcrest/hamcrest/2.1/hamcrest-2.1.jar:/Users/thomas/.m2/repository/org/ccil/cowan/tagsoup/tagsoup/1.2.1/tagsoup-1.2.1.jar:/Users/thomas/.m2/repository/io/rest-assured/json-path/4.1.2/json-path-4.1.2.jar:/Users/thomas/.m2/repository/org/codehaus/groovy/groovy-json/2.5.8/groovy-json-2.5.8.jar:/Users/thomas/.m2/repository/io/rest-assured/rest-assured-common/4.1.2/rest-assured-common-4.1.2.jar:/Users/thomas/.m2/repository/io/rest-assured/xml-path/4.1.2/xml-path-4.1.2.jar:/Users/thomas/.m2/repository/javax/xml/bind/jaxb-api/2.3.1/jaxb-api-2.3.1.jar:/Users/thomas/.m2/repository/javax/activation/javax.activation-api/1.2.0/javax.activation-api-1.2.0.jar:/Users/thomas/.m2/repository/com/sun/xml/bind/jaxb-osgi/2.3.0.1/jaxb-osgi-2.3.0.1.jar:/Users/thomas/.m2/repository/org/apache/sling/org.apache.sling.javax.activation/0.1.0/org.apache.sling.javax.activation-0.1.0.jar:/Users/thomas/.m2/repository/javax/activation/activation/1.1.1/activation-1.1.1.jar:/Users/thomas/.m2/repository/com/vimalselvam/cucumber-extentsreport/3.1.1/cucumber-extentsreport-3.1.1.jar:/Users/thomas/.m2/repository/net/masterthought/cucumber-reporting/4.10.0/cucumber-reporting-4.10.0.jar:/Users/thomas/.m2/repository/org/apache/velocity/velocity/1.7/velocity-1.7.jar:/Users/thomas/.m2/repository/commons-lang/commons-lang/2.4/commons-lang-2.4.jar:/Users/thomas/.m2/repository/commons-collections/commons-collections/3.2.2/commons-collections-3.2.2.jar:/Users/thomas/.m2/repository/velocity-tools/velocity-tools/1.4/velocity-tools-1.4.jar:/Users/thomas/.m2/repository/joda-time/joda-time/2.10.2/joda-time-2.10.2.jar:/Users/thomas/.m2/repository/org/apache/commons/commons-lang3/3.9/commons-lang3-3.9.jar:/Users/thomas/.m2/repository/commons-io/commons-io/2.6/commons-io-2.6.jar:/Users/thomas/.m2/repository/org/codehaus/plexus/plexus-utils/3.2.0/plexus-utils-3.2.0.jar:/Users/thomas/.m2/repository/org/jsoup/jsoup/1.12.1/jsoup-1.12.1.jar:/Users/thomas/.m2/repository/com/googlecode/owasp-java-html-sanitizer/owasp-java-html-sanitizer/20190610.1/owasp-java-html-sanitizer-20190610.1.jar:/Users/thomas/.m2/repository/commons-configuration/commons-configuration/1.10/commons-configuration-1.10.jar:/Users/thomas/.m2/repository/com/aventstack/extentreports/3.1.5/extentreports-3.1.5.jar:/Users/thomas/.m2/repository/org/freemarker/freemarker/2.3.23/freemarker-2.3.23.jar:/Users/thomas/.m2/repository/org/mongodb/mongodb-driver/3.3.0/mongodb-driver-3.3.0.jar:/Users/thomas/.m2/repository/org/mongodb/bson/3.3.0/bson-3.3.0.jar:/Users/thomas/.m2/repository/org/mongodb/mongodb-driver-core/3.3.0/mongodb-driver-core-3.3.0.jar:/Users/thomas/.m2/repository/com/google/code/gson/gson/2.8.0/gson-2.8.0.jar:/Users/thomas/.m2/repository/org/projectlombok/lombok/1.18.8/lombok-1.18.8.jar:/Users/thomas/.m2/repository/org/slf4j/slf4j-api/1.7.28/slf4j-api-1.7.28.jar:/Users/thomas/.m2/repository/org/apache/maven/surefire/surefire-junit-platform/2.22.1/surefire-junit-platform-2.22.1.jar:/Users/thomas/.m2/repository/org/junit/platform/junit-platform-launcher/1.3.1/junit-platform-launcher-1.3.1.jar"/>
    <property name="java.vm.vendor" value="AdoptOpenJDK"/>
    <property name="sun.arch.data.model" value="64"/>
    <property name="java.vendor.url" value="http://java.oracle.com/"/>
    <property name="user.timezone" value=""/>
    <property name="java.vm.specification.version" value="1.8"/>
    <property name="os.name" value="Mac OS X"/>
    <property name="user.country" value="NZ"/>
    <property name="sun.java.launcher" value="SUN_STANDARD"/>
    <property name="sun.boot.library.path" value="/Library/Java/JavaVirtualMachines/adoptopenjdk-8.jdk/Contents/Home/jre/lib"/>
    <property name="sun.java.command" value="org.apache.maven.surefire.booter.ForkedBooter /Users/thomas/git/openbanking/openbanking-api-test/target/surefire 2019-10-21T20-24-58_669-jvmRun1 surefire4282148931129908455tmp surefire_09164735180974252658tmp"/>
    <property name="http.nonProxyHosts" value="local|*.local|169.254/16|*.169.254/16"/>
    <property name="surefire.test.class.path" value="/Users/thomas/git/openbanking/openbanking-api-test/target/test-classes:/Users/thomas/git/openbanking/openbanking-api-test/target/classes:/Users/thomas/.m2/repository/com/laegler/openbanking/openbanking-api-model/0.0.1-SNAPSHOT/openbanking-api-model-0.0.1-SNAPSHOT.jar:/Users/thomas/.m2/repository/org/springframework/spring-context/5.1.10.RELEASE/spring-context-5.1.10.RELEASE.jar:/Users/thomas/.m2/repository/org/springframework/spring-aop/5.1.10.RELEASE/spring-aop-5.1.10.RELEASE.jar:/Users/thomas/.m2/repository/org/springframework/spring-beans/5.1.10.RELEASE/spring-beans-5.1.10.RELEASE.jar:/Users/thomas/.m2/repository/org/springframework/spring-core/5.1.10.RELEASE/spring-core-5.1.10.RELEASE.jar:/Users/thomas/.m2/repository/org/springframework/spring-jcl/5.1.10.RELEASE/spring-jcl-5.1.10.RELEASE.jar:/Users/thomas/.m2/repository/org/springframework/spring-expression/5.1.10.RELEASE/spring-expression-5.1.10.RELEASE.jar:/Users/thomas/.m2/repository/javax/validation/validation-api/2.0.1.Final/validation-api-2.0.1.Final.jar:/Users/thomas/.m2/repository/io/swagger/swagger-annotations/1.5.23/swagger-annotations-1.5.23.jar:/Users/thomas/.m2/repository/com/fasterxml/jackson/core/jackson-databind/2.9.8/jackson-databind-2.9.8.jar:/Users/thomas/.m2/repository/com/fasterxml/jackson/core/jackson-annotations/2.9.0/jackson-annotations-2.9.0.jar:/Users/thomas/.m2/repository/com/fasterxml/jackson/core/jackson-core/2.9.8/jackson-core-2.9.8.jar:/Users/thomas/.m2/repository/com/google/guava/guava/20.0/guava-20.0.jar:/Users/thomas/.m2/repository/javax/ws/rs/javax.ws.rs-api/2.1.1/javax.ws.rs-api-2.1.1.jar:/Users/thomas/.m2/repository/org/junit/jupiter/junit-jupiter-api/5.5.2/junit-jupiter-api-5.5.2.jar:/Users/thomas/.m2/repository/org/apiguardian/apiguardian-api/1.1.0/apiguardian-api-1.1.0.jar:/Users/thomas/.m2/repository/org/opentest4j/opentest4j/1.2.0/opentest4j-1.2.0.jar:/Users/thomas/.m2/repository/org/junit/platform/junit-platform-commons/1.5.2/junit-platform-commons-1.5.2.jar:/Users/thomas/.m2/repository/org/junit/jupiter/junit-jupiter-engine/5.5.2/junit-jupiter-engine-5.5.2.jar:/Users/thomas/.m2/repository/org/junit/platform/junit-platform-engine/1.5.2/junit-platform-engine-1.5.2.jar:/Users/thomas/.m2/repository/org/junit/vintage/junit-vintage-engine/5.5.2/junit-vintage-engine-5.5.2.jar:/Users/thomas/.m2/repository/junit/junit/4.12/junit-4.12.jar:/Users/thomas/.m2/repository/org/hamcrest/hamcrest-core/1.3/hamcrest-core-1.3.jar:/Users/thomas/.m2/repository/io/cucumber/cucumber-java/4.8.0/cucumber-java-4.8.0.jar:/Users/thomas/.m2/repository/io/cucumber/cucumber-core/4.8.0/cucumber-core-4.8.0.jar:/Users/thomas/.m2/repository/io/cucumber/gherkin/5.1.0/gherkin-5.1.0.jar:/Users/thomas/.m2/repository/io/cucumber/tag-expressions/1.1.1/tag-expressions-1.1.1.jar:/Users/thomas/.m2/repository/io/cucumber/cucumber-expressions/7.0.2/cucumber-expressions-7.0.2.jar:/Users/thomas/.m2/repository/io/cucumber/datatable/1.1.14/datatable-1.1.14.jar:/Users/thomas/.m2/repository/io/cucumber/datatable-dependencies/1.1.14/datatable-dependencies-1.1.14.jar:/Users/thomas/.m2/repository/io/cucumber/cucumber-junit/4.8.0/cucumber-junit-4.8.0.jar:/Users/thomas/.m2/repository/info/cukes/gherkin/2.7.3/gherkin-2.7.3.jar:/Users/thomas/.m2/repository/com/googlecode/json-simple/json-simple/1.1/json-simple-1.1.jar:/Users/thomas/.m2/repository/net/iharder/base64/2.3.8/base64-2.3.8.jar:/Users/thomas/.m2/repository/io/rest-assured/rest-assured/4.1.2/rest-assured-4.1.2.jar:/Users/thomas/.m2/repository/org/codehaus/groovy/groovy/2.5.8/groovy-2.5.8.jar:/Users/thomas/.m2/repository/org/codehaus/groovy/groovy-xml/2.5.8/groovy-xml-2.5.8.jar:/Users/thomas/.m2/repository/org/apache/httpcomponents/httpclient/4.5.3/httpclient-4.5.3.jar:/Users/thomas/.m2/repository/org/apache/httpcomponents/httpcore/4.4.6/httpcore-4.4.6.jar:/Users/thomas/.m2/repository/commons-logging/commons-logging/1.2/commons-logging-1.2.jar:/Users/thomas/.m2/repository/commons-codec/commons-codec/1.9/commons-codec-1.9.jar:/Users/thomas/.m2/repository/org/apache/httpcomponents/httpmime/4.5.3/httpmime-4.5.3.jar:/Users/thomas/.m2/repository/org/hamcrest/hamcrest/2.1/hamcrest-2.1.jar:/Users/thomas/.m2/repository/org/ccil/cowan/tagsoup/tagsoup/1.2.1/tagsoup-1.2.1.jar:/Users/thomas/.m2/repository/io/rest-assured/json-path/4.1.2/json-path-4.1.2.jar:/Users/thomas/.m2/repository/org/codehaus/groovy/groovy-json/2.5.8/groovy-json-2.5.8.jar:/Users/thomas/.m2/repository/io/rest-assured/rest-assured-common/4.1.2/rest-assured-common-4.1.2.jar:/Users/thomas/.m2/repository/io/rest-assured/xml-path/4.1.2/xml-path-4.1.2.jar:/Users/thomas/.m2/repository/javax/xml/bind/jaxb-api/2.3.1/jaxb-api-2.3.1.jar:/Users/thomas/.m2/repository/javax/activation/javax.activation-api/1.2.0/javax.activation-api-1.2.0.jar:/Users/thomas/.m2/repository/com/sun/xml/bind/jaxb-osgi/2.3.0.1/jaxb-osgi-2.3.0.1.jar:/Users/thomas/.m2/repository/org/apache/sling/org.apache.sling.javax.activation/0.1.0/org.apache.sling.javax.activation-0.1.0.jar:/Users/thomas/.m2/repository/javax/activation/activation/1.1.1/activation-1.1.1.jar:/Users/thomas/.m2/repository/com/vimalselvam/cucumber-extentsreport/3.1.1/cucumber-extentsreport-3.1.1.jar:/Users/thomas/.m2/repository/net/masterthought/cucumber-reporting/4.10.0/cucumber-reporting-4.10.0.jar:/Users/thomas/.m2/repository/org/apache/velocity/velocity/1.7/velocity-1.7.jar:/Users/thomas/.m2/repository/commons-lang/commons-lang/2.4/commons-lang-2.4.jar:/Users/thomas/.m2/repository/commons-collections/commons-collections/3.2.2/commons-collections-3.2.2.jar:/Users/thomas/.m2/repository/velocity-tools/velocity-tools/1.4/velocity-tools-1.4.jar:/Users/thomas/.m2/repository/joda-time/joda-time/2.10.2/joda-time-2.10.2.jar:/Users/thomas/.m2/repository/org/apache/commons/commons-lang3/3.9/commons-lang3-3.9.jar:/Users/thomas/.m2/repository/commons-io/commons-io/2.6/commons-io-2.6.jar:/Users/thomas/.m2/repository/org/codehaus/plexus/plexus-utils/3.2.0/plexus-utils-3.2.0.jar:/Users/thomas/.m2/repository/org/jsoup/jsoup/1.12.1/jsoup-1.12.1.jar:/Users/thomas/.m2/repository/com/googlecode/owasp-java-html-sanitizer/owasp-java-html-sanitizer/20190610.1/owasp-java-html-sanitizer-20190610.1.jar:/Users/thomas/.m2/repository/commons-configuration/commons-configuration/1.10/commons-configuration-1.10.jar:/Users/thomas/.m2/repository/com/aventstack/extentreports/3.1.5/extentreports-3.1.5.jar:/Users/thomas/.m2/repository/org/freemarker/freemarker/2.3.23/freemarker-2.3.23.jar:/Users/thomas/.m2/repository/org/mongodb/mongodb-driver/3.3.0/mongodb-driver-3.3.0.jar:/Users/thomas/.m2/repository/org/mongodb/bson/3.3.0/bson-3.3.0.jar:/Users/thomas/.m2/repository/org/mongodb/mongodb-driver-core/3.3.0/mongodb-driver-core-3.3.0.jar:/Users/thomas/.m2/repository/com/google/code/gson/gson/2.8.0/gson-2.8.0.jar:/Users/thomas/.m2/repository/org/projectlombok/lombok/1.18.8/lombok-1.18.8.jar:/Users/thomas/.m2/repository/org/slf4j/slf4j-api/1.7.28/slf4j-api-1.7.28.jar:"/>
    <property name="sun.cpu.endian" value="little"/>
    <property name="user.home" value="/Users/thomas"/>
    <property name="user.language" value="en"/>
    <property name="java.specification.vendor" value="Oracle Corporation"/>
    <property name="java.home" value="/Library/Java/JavaVirtualMachines/adoptopenjdk-8.jdk/Contents/Home/jre"/>
    <property name="basedir" value="/Users/thomas/git/openbanking/openbanking-api-test"/>
    <property name="style.color" value="always"/>
    <property name="file.separator" value="/"/>
    <property name="line.separator" value="&#10;"/>
    <property name="java.vm.specification.vendor" value="Oracle Corporation"/>
    <property name="java.specification.name" value="Java Platform API Specification"/>
    <property name="java.awt.graphicsenv" value="sun.awt.CGraphicsEnvironment"/>
    <property name="sun.boot.class.path" value="/Library/Java/JavaVirtualMachines/adoptopenjdk-8.jdk/Contents/Home/jre/lib/resources.jar:/Library/Java/JavaVirtualMachines/adoptopenjdk-8.jdk/Contents/Home/jre/lib/rt.jar:/Library/Java/JavaVirtualMachines/adoptopenjdk-8.jdk/Contents/Home/jre/lib/sunrsasign.jar:/Library/Java/JavaVirtualMachines/adoptopenjdk-8.jdk/Contents/Home/jre/lib/jsse.jar:/Library/Java/JavaVirtualMachines/adoptopenjdk-8.jdk/Contents/Home/jre/lib/jce.jar:/Library/Java/JavaVirtualMachines/adoptopenjdk-8.jdk/Contents/Home/jre/lib/charsets.jar:/Library/Java/JavaVirtualMachines/adoptopenjdk-8.jdk/Contents/Home/jre/lib/jfr.jar:/Library/Java/JavaVirtualMachines/adoptopenjdk-8.jdk/Contents/Home/jre/classes"/>
    <property name="sun.management.compiler" value="HotSpot 64-Bit Tiered Compilers"/>
    <property name="ftp.nonProxyHosts" value="local|*.local|169.254/16|*.169.254/16"/>
    <property name="java.runtime.version" value="1.8.0_212-b04"/>
    <property name="user.name" value="thomas"/>
    <property name="path.separator" value=":"/>
    <property name="os.version" value="10.14.6"/>
    <property name="java.endorsed.dirs" value="/Library/Java/JavaVirtualMachines/adoptopenjdk-8.jdk/Contents/Home/jre/lib/endorsed"/>
    <property name="java.runtime.name" value="OpenJDK Runtime Environment"/>
    <property name="file.encoding" value="UTF-8"/>
    <property name="java.vm.name" value="OpenJDK 64-Bit Server VM"/>
    <property name="localRepository" value="/Users/thomas/.m2/repository"/>
    <property name="java.vendor.url.bug" value="http://bugreport.sun.com/bugreport/"/>
    <property name="java.io.tmpdir" value="/var/folders/8w/fvxbytrj5p78x5j40t_dk1300000gn/T/"/>
    <property name="java.version" value="1.8.0_212"/>
    <property name="user.dir" value="/Users/thomas/git/openbanking/openbanking-api-test"/>
    <property name="os.arch" value="x86_64"/>
    <property name="java.vm.specification.name" value="Java Virtual Machine Specification"/>
    <property name="java.awt.printerjob" value="sun.lwawt.macosx.CPrinterJob"/>
    <property name="sun.os.patch.level" value="unknown"/>
    <property name="java.library.path" value="/Users/thomas/Library/Java/Extensions:/Library/Java/Extensions:/Network/Library/Java/Extensions:/System/Library/Java/Extensions:/usr/lib/java:."/>
    <property name="java.vm.info" value="mixed mode"/>
    <property name="java.vendor" value="AdoptOpenJDK"/>
    <property name="java.vm.version" value="25.212-b04"/>
    <property name="java.ext.dirs" value="/Users/thomas/Library/Java/Extensions:/Library/Java/JavaVirtualMachines/adoptopenjdk-8.jdk/Contents/Home/jre/lib/ext:/Library/Java/Extensions:/Network/Library/Java/Extensions:/System/Library/Java/Extensions:/usr/lib/java"/>
    <property name="sun.io.unicode.encoding" value="UnicodeBig"/>
    <property name="java.class.version" value="52.0"/>
    <property name="socksNonProxyHosts" value="local|*.local|169.254/16|*.169.254/16"/>
    <property name="jacoco-agent.destfile" value="target/jacoco.exec"/>
  </properties>
  <testcase name="test_getInternationalScheduledPaymentsInternationalScheduledPaymentIdPaymentDetails_200" classname="com.laegler.openbanking.api.integration.InternationalScheduledPaymentsApiIntegrationTest" time="0">
    <error message="Invalid number of path parameters. Expected 1, was 0. Undefined path parameters are: InternationalScheduledPaymentId." type="java.lang.IllegalArgumentException">java.lang.IllegalArgumentException: Invalid number of path parameters. Expected 1, was 0. Undefined path parameters are: InternationalScheduledPaymentId.
	at com.laegler.openbanking.api.integration.InternationalScheduledPaymentsApiIntegrationTest.test_getInternationalScheduledPaymentsInternationalScheduledPaymentIdPaymentDetails_200(InternationalScheduledPaymentsApiIntegrationTest.java:185)
</error>
    <system-out><![CDATA[Request method:	GET
Request URI:	http://localhost:8080/example-api/international-scheduled-payments/international-scheduled-payments/%7BInternationalScheduledPaymentId%7D/payment-details
Proxy:			<none>
Request params:	<none>
Query params:	<none>
Form params:	<none>
Path params:	<none>
Headers:		Accept=*/*
				Content-Type=application/json; charset=UTF-8
Cookies:		<none>
Multiparts:		<none>
Body:			<none>
]]></system-out>
  </testcase>
  <testcase name="test_getInternationalScheduledPaymentsInternationalScheduledPaymentIdPaymentDetails_400" classname="com.laegler.openbanking.api.integration.InternationalScheduledPaymentsApiIntegrationTest" time="0.001">
    <error message="Invalid number of path parameters. Expected 1, was 0. Undefined path parameters are: InternationalScheduledPaymentId." type="java.lang.IllegalArgumentException">java.lang.IllegalArgumentException: Invalid number of path parameters. Expected 1, was 0. Undefined path parameters are: InternationalScheduledPaymentId.
	at com.laegler.openbanking.api.integration.InternationalScheduledPaymentsApiIntegrationTest.test_getInternationalScheduledPaymentsInternationalScheduledPaymentIdPaymentDetails_400(InternationalScheduledPaymentsApiIntegrationTest.java:143)
</error>
    <system-out><![CDATA[Request method:	GET
Request URI:	http://localhost:8080/example-api/international-scheduled-payments/international-scheduled-payments/%7BInternationalScheduledPaymentId%7D/payment-details
Proxy:			<none>
Request params:	<none>
Query params:	<none>
Form params:	<none>
Path params:	<none>
Headers:		Accept=*/*
				Content-Type=application/json; charset=UTF-8
Cookies:		<none>
Multiparts:		<none>
Body:			<none>
]]></system-out>
  </testcase>
  <testcase name="test_getInternationalScheduledPaymentsInternationalScheduledPaymentIdPaymentDetails_401" classname="com.laegler.openbanking.api.integration.InternationalScheduledPaymentsApiIntegrationTest" time="0">
    <error message="Invalid number of path parameters. Expected 1, was 0. Undefined path parameters are: InternationalScheduledPaymentId." type="java.lang.IllegalArgumentException">java.lang.IllegalArgumentException: Invalid number of path parameters. Expected 1, was 0. Undefined path parameters are: InternationalScheduledPaymentId.
	at com.laegler.openbanking.api.integration.InternationalScheduledPaymentsApiIntegrationTest.test_getInternationalScheduledPaymentsInternationalScheduledPaymentIdPaymentDetails_401(InternationalScheduledPaymentsApiIntegrationTest.java:149)
</error>
    <system-out><![CDATA[Request method:	GET
Request URI:	http://localhost:8080/example-api/international-scheduled-payments/international-scheduled-payments/%7BInternationalScheduledPaymentId%7D/payment-details
Proxy:			<none>
Request params:	<none>
Query params:	<none>
Form params:	<none>
Path params:	<none>
Headers:		Accept=*/*
				Content-Type=application/json; charset=UTF-8
Cookies:		<none>
Multiparts:		<none>
Body:			<none>
]]></system-out>
  </testcase>
  <testcase name="test_getInternationalScheduledPaymentsInternationalScheduledPaymentIdPaymentDetails_403" classname="com.laegler.openbanking.api.integration.InternationalScheduledPaymentsApiIntegrationTest" time="0.001">
    <error message="Invalid number of path parameters. Expected 1, was 0. Undefined path parameters are: InternationalScheduledPaymentId." type="java.lang.IllegalArgumentException">java.lang.IllegalArgumentException: Invalid number of path parameters. Expected 1, was 0. Undefined path parameters are: InternationalScheduledPaymentId.
	at com.laegler.openbanking.api.integration.InternationalScheduledPaymentsApiIntegrationTest.test_getInternationalScheduledPaymentsInternationalScheduledPaymentIdPaymentDetails_403(InternationalScheduledPaymentsApiIntegrationTest.java:155)
</error>
    <system-out><![CDATA[Request method:	GET
Request URI:	http://localhost:8080/example-api/international-scheduled-payments/international-scheduled-payments/%7BInternationalScheduledPaymentId%7D/payment-details
Proxy:			<none>
Request params:	<none>
Query params:	<none>
Form params:	<none>
Path params:	<none>
Headers:		Accept=*/*
				Content-Type=application/json; charset=UTF-8
Cookies:		<none>
Multiparts:		<none>
Body:			<none>
]]></system-out>
  </testcase>
  <testcase name="test_getInternationalScheduledPaymentsInternationalScheduledPaymentIdPaymentDetails_404" classname="com.laegler.openbanking.api.integration.InternationalScheduledPaymentsApiIntegrationTest" time="0">
    <error message="Invalid number of path parameters. Expected 1, was 0. Undefined path parameters are: InternationalScheduledPaymentId." type="java.lang.IllegalArgumentException">java.lang.IllegalArgumentException: Invalid number of path parameters. Expected 1, was 0. Undefined path parameters are: InternationalScheduledPaymentId.
	at com.laegler.openbanking.api.integration.InternationalScheduledPaymentsApiIntegrationTest.test_getInternationalScheduledPaymentsInternationalScheduledPaymentIdPaymentDetails_404(InternationalScheduledPaymentsApiIntegrationTest.java:161)
</error>
    <system-out><![CDATA[Request method:	GET
Request URI:	http://localhost:8080/example-api/international-scheduled-payments/international-scheduled-payments/%7BInternationalScheduledPaymentId%7D/payment-details
Proxy:			<none>
Request params:	<none>
Query params:	<none>
Form params:	<none>
Path params:	<none>
Headers:		Accept=*/*
				Content-Type=application/json; charset=UTF-8
Cookies:		<none>
Multiparts:		<none>
Body:			<none>
]]></system-out>
  </testcase>
  <testcase name="test_getInternationalScheduledPaymentsInternationalScheduledPaymentIdPaymentDetails_405" classname="com.laegler.openbanking.api.integration.InternationalScheduledPaymentsApiIntegrationTest" time="0">
    <error message="Invalid number of path parameters. Expected 1, was 0. Undefined path parameters are: InternationalScheduledPaymentId." type="java.lang.IllegalArgumentException">java.lang.IllegalArgumentException: Invalid number of path parameters. Expected 1, was 0. Undefined path parameters are: InternationalScheduledPaymentId.
	at com.laegler.openbanking.api.integration.InternationalScheduledPaymentsApiIntegrationTest.test_getInternationalScheduledPaymentsInternationalScheduledPaymentIdPaymentDetails_405(InternationalScheduledPaymentsApiIntegrationTest.java:173)
</error>
    <system-out><![CDATA[Request method:	GET
Request URI:	http://localhost:8080/example-api/international-scheduled-payments/international-scheduled-payments/%7BInternationalScheduledPaymentId%7D/payment-details
Proxy:			<none>
Request params:	<none>
Query params:	<none>
Form params:	<none>
Path params:	<none>
Headers:		Accept=*/*
				Content-Type=application/json; charset=UTF-8
Cookies:		<none>
Multiparts:		<none>
Body:			<none>
]]></system-out>
  </testcase>
  <testcase name="test_getInternationalScheduledPaymentsInternationalScheduledPaymentIdPaymentDetails_406" classname="com.laegler.openbanking.api.integration.InternationalScheduledPaymentsApiIntegrationTest" time="0.001">
    <error message="Invalid number of path parameters. Expected 1, was 0. Undefined path parameters are: InternationalScheduledPaymentId." type="java.lang.IllegalArgumentException">java.lang.IllegalArgumentException: Invalid number of path parameters. Expected 1, was 0. Undefined path parameters are: InternationalScheduledPaymentId.
	at com.laegler.openbanking.api.integration.InternationalScheduledPaymentsApiIntegrationTest.test_getInternationalScheduledPaymentsInternationalScheduledPaymentIdPaymentDetails_406(InternationalScheduledPaymentsApiIntegrationTest.java:179)
</error>
    <system-out><![CDATA[Request method:	GET
Request URI:	http://localhost:8080/example-api/international-scheduled-payments/international-scheduled-payments/%7BInternationalScheduledPaymentId%7D/payment-details
Proxy:			<none>
Request params:	<none>
Query params:	<none>
Form params:	<none>
Path params:	<none>
Headers:		Accept=*/*
				Content-Type=application/json; charset=UTF-8
Cookies:		<none>
Multiparts:		<none>
Body:			<none>
]]></system-out>
  </testcase>
  <testcase name="test_getInternationalScheduledPaymentsInternationalScheduledPaymentIdPaymentDetails_429" classname="com.laegler.openbanking.api.integration.InternationalScheduledPaymentsApiIntegrationTest" time="0">
    <error message="Invalid number of path parameters. Expected 1, was 0. Undefined path parameters are: InternationalScheduledPaymentId." type="java.lang.IllegalArgumentException">java.lang.IllegalArgumentException: Invalid number of path parameters. Expected 1, was 0. Undefined path parameters are: InternationalScheduledPaymentId.
	at com.laegler.openbanking.api.integration.InternationalScheduledPaymentsApiIntegrationTest.test_getInternationalScheduledPaymentsInternationalScheduledPaymentIdPaymentDetails_429(InternationalScheduledPaymentsApiIntegrationTest.java:191)
</error>
    <system-out><![CDATA[Request method:	GET
Request URI:	http://localhost:8080/example-api/international-scheduled-payments/international-scheduled-payments/%7BInternationalScheduledPaymentId%7D/payment-details
Proxy:			<none>
Request params:	<none>
Query params:	<none>
Form params:	<none>
Path params:	<none>
Headers:		Accept=*/*
				Content-Type=application/json; charset=UTF-8
Cookies:		<none>
Multiparts:		<none>
Body:			<none>
]]></system-out>
  </testcase>
  <testcase name="test_getInternationalScheduledPaymentsInternationalScheduledPaymentIdPaymentDetails_500" classname="com.laegler.openbanking.api.integration.InternationalScheduledPaymentsApiIntegrationTest" time="0.001">
    <error message="Invalid number of path parameters. Expected 1, was 0. Undefined path parameters are: InternationalScheduledPaymentId." type="java.lang.IllegalArgumentException">java.lang.IllegalArgumentException: Invalid number of path parameters. Expected 1, was 0. Undefined path parameters are: InternationalScheduledPaymentId.
	at com.laegler.openbanking.api.integration.InternationalScheduledPaymentsApiIntegrationTest.test_getInternationalScheduledPaymentsInternationalScheduledPaymentIdPaymentDetails_500(InternationalScheduledPaymentsApiIntegrationTest.java:167)
</error>
    <system-out><![CDATA[Request method:	GET
Request URI:	http://localhost:8080/example-api/international-scheduled-payments/international-scheduled-payments/%7BInternationalScheduledPaymentId%7D/payment-details
Proxy:			<none>
Request params:	<none>
Query params:	<none>
Form params:	<none>
Path params:	<none>
Headers:		Accept=*/*
				Content-Type=application/json; charset=UTF-8
Cookies:		<none>
Multiparts:		<none>
Body:			<none>
]]></system-out>
  </testcase>
  <testcase name="test_getInternationalScheduledPaymentsInternationalScheduledPaymentId_200" classname="com.laegler.openbanking.api.integration.InternationalScheduledPaymentsApiIntegrationTest" time="0">
    <error message="Invalid number of path parameters. Expected 1, was 0. Undefined path parameters are: InternationalScheduledPaymentId." type="java.lang.IllegalArgumentException">java.lang.IllegalArgumentException: Invalid number of path parameters. Expected 1, was 0. Undefined path parameters are: InternationalScheduledPaymentId.
	at com.laegler.openbanking.api.integration.InternationalScheduledPaymentsApiIntegrationTest.test_getInternationalScheduledPaymentsInternationalScheduledPaymentId_200(InternationalScheduledPaymentsApiIntegrationTest.java:131)
</error>
    <system-out><![CDATA[Request method:	GET
Request URI:	http://localhost:8080/example-api/international-scheduled-payments/international-scheduled-payments/%7BInternationalScheduledPaymentId%7D
Proxy:			<none>
Request params:	<none>
Query params:	<none>
Form params:	<none>
Path params:	<none>
Headers:		Accept=*/*
				Content-Type=application/json; charset=UTF-8
Cookies:		<none>
Multiparts:		<none>
Body:			<none>
]]></system-out>
  </testcase>
  <testcase name="test_getInternationalScheduledPaymentsInternationalScheduledPaymentId_400" classname="com.laegler.openbanking.api.integration.InternationalScheduledPaymentsApiIntegrationTest" time="0.001">
    <error message="Invalid number of path parameters. Expected 1, was 0. Undefined path parameters are: InternationalScheduledPaymentId." type="java.lang.IllegalArgumentException">java.lang.IllegalArgumentException: Invalid number of path parameters. Expected 1, was 0. Undefined path parameters are: InternationalScheduledPaymentId.
	at com.laegler.openbanking.api.integration.InternationalScheduledPaymentsApiIntegrationTest.test_getInternationalScheduledPaymentsInternationalScheduledPaymentId_400(InternationalScheduledPaymentsApiIntegrationTest.java:89)
</error>
    <system-out><![CDATA[Request method:	GET
Request URI:	http://localhost:8080/example-api/international-scheduled-payments/international-scheduled-payments/%7BInternationalScheduledPaymentId%7D
Proxy:			<none>
Request params:	<none>
Query params:	<none>
Form params:	<none>
Path params:	<none>
Headers:		Accept=*/*
				Content-Type=application/json; charset=UTF-8
Cookies:		<none>
Multiparts:		<none>
Body:			<none>
]]></system-out>
  </testcase>
  <testcase name="test_getInternationalScheduledPaymentsInternationalScheduledPaymentId_401" classname="com.laegler.openbanking.api.integration.InternationalScheduledPaymentsApiIntegrationTest" time="0.001">
    <error message="Invalid number of path parameters. Expected 1, was 0. Undefined path parameters are: InternationalScheduledPaymentId." type="java.lang.IllegalArgumentException">java.lang.IllegalArgumentException: Invalid number of path parameters. Expected 1, was 0. Undefined path parameters are: InternationalScheduledPaymentId.
	at com.laegler.openbanking.api.integration.InternationalScheduledPaymentsApiIntegrationTest.test_getInternationalScheduledPaymentsInternationalScheduledPaymentId_401(InternationalScheduledPaymentsApiIntegrationTest.java:95)
</error>
    <system-out><![CDATA[Request method:	GET
Request URI:	http://localhost:8080/example-api/international-scheduled-payments/international-scheduled-payments/%7BInternationalScheduledPaymentId%7D
Proxy:			<none>
Request params:	<none>
Query params:	<none>
Form params:	<none>
Path params:	<none>
Headers:		Accept=*/*
				Content-Type=application/json; charset=UTF-8
Cookies:		<none>
Multiparts:		<none>
Body:			<none>
]]></system-out>
  </testcase>
  <testcase name="test_getInternationalScheduledPaymentsInternationalScheduledPaymentId_403" classname="com.laegler.openbanking.api.integration.InternationalScheduledPaymentsApiIntegrationTest" time="0">
    <error message="Invalid number of path parameters. Expected 1, was 0. Undefined path parameters are: InternationalScheduledPaymentId." type="java.lang.IllegalArgumentException">java.lang.IllegalArgumentException: Invalid number of path parameters. Expected 1, was 0. Undefined path parameters are: InternationalScheduledPaymentId.
	at com.laegler.openbanking.api.integration.InternationalScheduledPaymentsApiIntegrationTest.test_getInternationalScheduledPaymentsInternationalScheduledPaymentId_403(InternationalScheduledPaymentsApiIntegrationTest.java:101)
</error>
    <system-out><![CDATA[Request method:	GET
Request URI:	http://localhost:8080/example-api/international-scheduled-payments/international-scheduled-payments/%7BInternationalScheduledPaymentId%7D
Proxy:			<none>
Request params:	<none>
Query params:	<none>
Form params:	<none>
Path params:	<none>
Headers:		Accept=*/*
				Content-Type=application/json; charset=UTF-8
Cookies:		<none>
Multiparts:		<none>
Body:			<none>
]]></system-out>
  </testcase>
  <testcase name="test_getInternationalScheduledPaymentsInternationalScheduledPaymentId_404" classname="com.laegler.openbanking.api.integration.InternationalScheduledPaymentsApiIntegrationTest" time="0.001">
    <error message="Invalid number of path parameters. Expected 1, was 0. Undefined path parameters are: InternationalScheduledPaymentId." type="java.lang.IllegalArgumentException">java.lang.IllegalArgumentException: Invalid number of path parameters. Expected 1, was 0. Undefined path parameters are: InternationalScheduledPaymentId.
	at com.laegler.openbanking.api.integration.InternationalScheduledPaymentsApiIntegrationTest.test_getInternationalScheduledPaymentsInternationalScheduledPaymentId_404(InternationalScheduledPaymentsApiIntegrationTest.java:107)
</error>
    <system-out><![CDATA[Request method:	GET
Request URI:	http://localhost:8080/example-api/international-scheduled-payments/international-scheduled-payments/%7BInternationalScheduledPaymentId%7D
Proxy:			<none>
Request params:	<none>
Query params:	<none>
Form params:	<none>
Path params:	<none>
Headers:		Accept=*/*
				Content-Type=application/json; charset=UTF-8
Cookies:		<none>
Multiparts:		<none>
Body:			<none>
]]></system-out>
  </testcase>
  <testcase name="test_getInternationalScheduledPaymentsInternationalScheduledPaymentId_405" classname="com.laegler.openbanking.api.integration.InternationalScheduledPaymentsApiIntegrationTest" time="0.001">
    <error message="Invalid number of path parameters. Expected 1, was 0. Undefined path parameters are: InternationalScheduledPaymentId." type="java.lang.IllegalArgumentException">java.lang.IllegalArgumentException: Invalid number of path parameters. Expected 1, was 0. Undefined path parameters are: InternationalScheduledPaymentId.
	at com.laegler.openbanking.api.integration.InternationalScheduledPaymentsApiIntegrationTest.test_getInternationalScheduledPaymentsInternationalScheduledPaymentId_405(InternationalScheduledPaymentsApiIntegrationTest.java:119)
</error>
    <system-out><![CDATA[Request method:	GET
Request URI:	http://localhost:8080/example-api/international-scheduled-payments/international-scheduled-payments/%7BInternationalScheduledPaymentId%7D
Proxy:			<none>
Request params:	<none>
Query params:	<none>
Form params:	<none>
Path params:	<none>
Headers:		Accept=*/*
				Content-Type=application/json; charset=UTF-8
Cookies:		<none>
Multiparts:		<none>
Body:			<none>
]]></system-out>
  </testcase>
  <testcase name="test_getInternationalScheduledPaymentsInternationalScheduledPaymentId_406" classname="com.laegler.openbanking.api.integration.InternationalScheduledPaymentsApiIntegrationTest" time="0.001">
    <error message="Invalid number of path parameters. Expected 1, was 0. Undefined path parameters are: InternationalScheduledPaymentId." type="java.lang.IllegalArgumentException">java.lang.IllegalArgumentException: Invalid number of path parameters. Expected 1, was 0. Undefined path parameters are: InternationalScheduledPaymentId.
	at com.laegler.openbanking.api.integration.InternationalScheduledPaymentsApiIntegrationTest.test_getInternationalScheduledPaymentsInternationalScheduledPaymentId_406(InternationalScheduledPaymentsApiIntegrationTest.java:125)
</error>
    <system-out><![CDATA[Request method:	GET
Request URI:	http://localhost:8080/example-api/international-scheduled-payments/international-scheduled-payments/%7BInternationalScheduledPaymentId%7D
Proxy:			<none>
Request params:	<none>
Query params:	<none>
Form params:	<none>
Path params:	<none>
Headers:		Accept=*/*
				Content-Type=application/json; charset=UTF-8
Cookies:		<none>
Multiparts:		<none>
Body:			<none>
]]></system-out>
  </testcase>
  <testcase name="test_getInternationalScheduledPaymentsInternationalScheduledPaymentId_429" classname="com.laegler.openbanking.api.integration.InternationalScheduledPaymentsApiIntegrationTest" time="0.001">
    <error message="Invalid number of path parameters. Expected 1, was 0. Undefined path parameters are: InternationalScheduledPaymentId." type="java.lang.IllegalArgumentException">java.lang.IllegalArgumentException: Invalid number of path parameters. Expected 1, was 0. Undefined path parameters are: InternationalScheduledPaymentId.
	at com.laegler.openbanking.api.integration.InternationalScheduledPaymentsApiIntegrationTest.test_getInternationalScheduledPaymentsInternationalScheduledPaymentId_429(InternationalScheduledPaymentsApiIntegrationTest.java:137)
</error>
    <system-out><![CDATA[Request method:	GET
Request URI:	http://localhost:8080/example-api/international-scheduled-payments/international-scheduled-payments/%7BInternationalScheduledPaymentId%7D
Proxy:			<none>
Request params:	<none>
Query params:	<none>
Form params:	<none>
Path params:	<none>
Headers:		Accept=*/*
				Content-Type=application/json; charset=UTF-8
Cookies:		<none>
Multiparts:		<none>
Body:			<none>
]]></system-out>
  </testcase>
  <testcase name="test_getInternationalScheduledPaymentsInternationalScheduledPaymentId_500" classname="com.laegler.openbanking.api.integration.InternationalScheduledPaymentsApiIntegrationTest" time="0.001">
    <error message="Invalid number of path parameters. Expected 1, was 0. Undefined path parameters are: InternationalScheduledPaymentId." type="java.lang.IllegalArgumentException">java.lang.IllegalArgumentException: Invalid number of path parameters. Expected 1, was 0. Undefined path parameters are: InternationalScheduledPaymentId.
	at com.laegler.openbanking.api.integration.InternationalScheduledPaymentsApiIntegrationTest.test_getInternationalScheduledPaymentsInternationalScheduledPaymentId_500(InternationalScheduledPaymentsApiIntegrationTest.java:113)
</error>
    <system-out><![CDATA[Request method:	GET
Request URI:	http://localhost:8080/example-api/international-scheduled-payments/international-scheduled-payments/%7BInternationalScheduledPaymentId%7D
Proxy:			<none>
Request params:	<none>
Query params:	<none>
Form params:	<none>
Path params:	<none>
Headers:		Accept=*/*
				Content-Type=application/json; charset=UTF-8
Cookies:		<none>
Multiparts:		<none>
Body:			<none>
]]></system-out>
  </testcase>
  <testcase name="test_createInternationalScheduledPayments_201" classname="com.laegler.openbanking.api.integration.InternationalScheduledPaymentsApiIntegrationTest" time="0.003">
    <error message="Connection refused (Connection refused)" type="java.net.ConnectException">java.net.ConnectException: Connection refused (Connection refused)
	at com.laegler.openbanking.api.integration.InternationalScheduledPaymentsApiIntegrationTest.test_createInternationalScheduledPayments_201(InternationalScheduledPaymentsApiIntegrationTest.java:77)
</error>
    <system-out><![CDATA[Request method:	POST
Request URI:	http://localhost:8080/example-api/international-scheduled-payments/international-scheduled-payments
Proxy:			<none>
Request params:	<none>
Query params:	<none>
Form params:	<none>
Path params:	<none>
Headers:		Accept=*/*
				Content-Type=application/json; charset=UTF-8
Cookies:		<none>
Multiparts:		<none>
Body:			<none>
]]></system-out>
  </testcase>
  <testcase name="test_createInternationalScheduledPayments_400" classname="com.laegler.openbanking.api.integration.InternationalScheduledPaymentsApiIntegrationTest" time="0.002">
    <error message="Connection refused (Connection refused)" type="java.net.ConnectException">java.net.ConnectException: Connection refused (Connection refused)
	at com.laegler.openbanking.api.integration.InternationalScheduledPaymentsApiIntegrationTest.test_createInternationalScheduledPayments_400(InternationalScheduledPaymentsApiIntegrationTest.java:35)
</error>
    <system-out><![CDATA[Request method:	POST
Request URI:	http://localhost:8080/example-api/international-scheduled-payments/international-scheduled-payments
Proxy:			<none>
Request params:	<none>
Query params:	<none>
Form params:	<none>
Path params:	<none>
Headers:		Accept=*/*
				Content-Type=application/json; charset=UTF-8
Cookies:		<none>
Multiparts:		<none>
Body:			<none>
]]></system-out>
  </testcase>
  <testcase name="test_createInternationalScheduledPayments_401" classname="com.laegler.openbanking.api.integration.InternationalScheduledPaymentsApiIntegrationTest" time="0.002">
    <error message="Connection refused (Connection refused)" type="java.net.ConnectException">java.net.ConnectException: Connection refused (Connection refused)
	at com.laegler.openbanking.api.integration.InternationalScheduledPaymentsApiIntegrationTest.test_createInternationalScheduledPayments_401(InternationalScheduledPaymentsApiIntegrationTest.java:41)
</error>
    <system-out><![CDATA[Request method:	POST
Request URI:	http://localhost:8080/example-api/international-scheduled-payments/international-scheduled-payments
Proxy:			<none>
Request params:	<none>
Query params:	<none>
Form params:	<none>
Path params:	<none>
Headers:		Accept=*/*
				Content-Type=application/json; charset=UTF-8
Cookies:		<none>
Multiparts:		<none>
Body:			<none>
]]></system-out>
  </testcase>
  <testcase name="test_createInternationalScheduledPayments_403" classname="com.laegler.openbanking.api.integration.InternationalScheduledPaymentsApiIntegrationTest" time="0.002">
    <error message="Connection refused (Connection refused)" type="java.net.ConnectException">java.net.ConnectException: Connection refused (Connection refused)
	at com.laegler.openbanking.api.integration.InternationalScheduledPaymentsApiIntegrationTest.test_createInternationalScheduledPayments_403(InternationalScheduledPaymentsApiIntegrationTest.java:47)
</error>
    <system-out><![CDATA[Request method:	POST
Request URI:	http://localhost:8080/example-api/international-scheduled-payments/international-scheduled-payments
Proxy:			<none>
Request params:	<none>
Query params:	<none>
Form params:	<none>
Path params:	<none>
Headers:		Accept=*/*
				Content-Type=application/json; charset=UTF-8
Cookies:		<none>
Multiparts:		<none>
Body:			<none>
]]></system-out>
  </testcase>
  <testcase name="test_createInternationalScheduledPayments_404" classname="com.laegler.openbanking.api.integration.InternationalScheduledPaymentsApiIntegrationTest" time="0.003">
    <error message="Connection refused (Connection refused)" type="java.net.ConnectException">java.net.ConnectException: Connection refused (Connection refused)
	at com.laegler.openbanking.api.integration.InternationalScheduledPaymentsApiIntegrationTest.test_createInternationalScheduledPayments_404(InternationalScheduledPaymentsApiIntegrationTest.java:53)
</error>
    <system-out><![CDATA[Request method:	POST
Request URI:	http://localhost:8080/example-api/international-scheduled-payments/international-scheduled-payments
Proxy:			<none>
Request params:	<none>
Query params:	<none>
Form params:	<none>
Path params:	<none>
Headers:		Accept=*/*
				Content-Type=application/json; charset=UTF-8
Cookies:		<none>
Multiparts:		<none>
Body:			<none>
]]></system-out>
  </testcase>
  <testcase name="test_createInternationalScheduledPayments_405" classname="com.laegler.openbanking.api.integration.InternationalScheduledPaymentsApiIntegrationTest" time="0.002">
    <error message="Connection refused (Connection refused)" type="java.net.ConnectException">java.net.ConnectException: Connection refused (Connection refused)
	at com.laegler.openbanking.api.integration.InternationalScheduledPaymentsApiIntegrationTest.test_createInternationalScheduledPayments_405(InternationalScheduledPaymentsApiIntegrationTest.java:65)
</error>
    <system-out><![CDATA[Request method:	POST
Request URI:	http://localhost:8080/example-api/international-scheduled-payments/international-scheduled-payments
Proxy:			<none>
Request params:	<none>
Query params:	<none>
Form params:	<none>
Path params:	<none>
Headers:		Accept=*/*
				Content-Type=application/json; charset=UTF-8
Cookies:		<none>
Multiparts:		<none>
Body:			<none>
]]></system-out>
  </testcase>
  <testcase name="test_createInternationalScheduledPayments_406" classname="com.laegler.openbanking.api.integration.InternationalScheduledPaymentsApiIntegrationTest" time="0.002">
    <error message="Connection refused (Connection refused)" type="java.net.ConnectException">java.net.ConnectException: Connection refused (Connection refused)
	at com.laegler.openbanking.api.integration.InternationalScheduledPaymentsApiIntegrationTest.test_createInternationalScheduledPayments_406(InternationalScheduledPaymentsApiIntegrationTest.java:71)
</error>
    <system-out><![CDATA[Request method:	POST
Request URI:	http://localhost:8080/example-api/international-scheduled-payments/international-scheduled-payments
Proxy:			<none>
Request params:	<none>
Query params:	<none>
Form params:	<none>
Path params:	<none>
Headers:		Accept=*/*
				Content-Type=application/json; charset=UTF-8
Cookies:		<none>
Multiparts:		<none>
Body:			<none>
]]></system-out>
  </testcase>
  <testcase name="test_createInternationalScheduledPayments_429" classname="com.laegler.openbanking.api.integration.InternationalScheduledPaymentsApiIntegrationTest" time="0.002">
    <error message="Connection refused (Connection refused)" type="java.net.ConnectException">java.net.ConnectException: Connection refused (Connection refused)
	at com.laegler.openbanking.api.integration.InternationalScheduledPaymentsApiIntegrationTest.test_createInternationalScheduledPayments_429(InternationalScheduledPaymentsApiIntegrationTest.java:83)
</error>
    <system-out><![CDATA[Request method:	POST
Request URI:	http://localhost:8080/example-api/international-scheduled-payments/international-scheduled-payments
Proxy:			<none>
Request params:	<none>
Query params:	<none>
Form params:	<none>
Path params:	<none>
Headers:		Accept=*/*
				Content-Type=application/json; charset=UTF-8
Cookies:		<none>
Multiparts:		<none>
Body:			<none>
]]></system-out>
  </testcase>
  <testcase name="test_createInternationalScheduledPayments_500" classname="com.laegler.openbanking.api.integration.InternationalScheduledPaymentsApiIntegrationTest" time="0.002">
    <error message="Connection refused (Connection refused)" type="java.net.ConnectException">java.net.ConnectException: Connection refused (Connection refused)
	at com.laegler.openbanking.api.integration.InternationalScheduledPaymentsApiIntegrationTest.test_createInternationalScheduledPayments_500(InternationalScheduledPaymentsApiIntegrationTest.java:59)
</error>
    <system-out><![CDATA[Request method:	POST
Request URI:	http://localhost:8080/example-api/international-scheduled-payments/international-scheduled-payments
Proxy:			<none>
Request params:	<none>
Query params:	<none>
Form params:	<none>
Path params:	<none>
Headers:		Accept=*/*
				Content-Type=application/json; charset=UTF-8
Cookies:		<none>
Multiparts:		<none>
Body:			<none>
]]></system-out>
  </testcase>
</testsuite>